<frozen runpy>:128: RuntimeWarning: 'xet.cli.main' found in sys.modules after import of package 'xet.cli', but prior to execution of 'xet.cli.main'; this may result in unpredictable behaviour
ERROR: Direct 模式下载失败: HTTPSConnectionPool(host='huggingface.co', port=443): Max retries exceeded with url: /zai-org/GLM-5.2/resolve/main/tokenizer.json (Caused by ConnectTimeoutError(<HTTPSConnection(host='huggingface.co', port=443) at 0x76e9cf16d0>, 'Connection to huggingface.co timed out. (connect timeout=30)'))
📦 仓库: zai-org/GLM-5.2
   匹配: *.json
   找到 5 个匹配文件
  ⊘ 跳过非 XET 文件: config.json
  ⊘ 跳过非 XET 文件: generation_config.json
  ⊘ 跳过非 XET 文件: model.safetensors.index.json
  ⊘ 跳过非 XET 文件: tokenizer_config.json

准备下载 1 个文件

============================================================
📥 下载: tokenizer.json
   Hash: 961c851c73a3e1f213cece750e312f56f35412b14dd461536a2b2b9abc19aa33
   大小: 19.3 MB
   输出: test_output_batch_json/tokenizer.json
   模式: direct（文件 < 256MB，自动选择）
   正在获取下载链接...
⚠ Direct 模式失败 (HTTPSConnectionPool(host='huggingface.co', port=443): Max retries exceeded with url: /zai-org/GLM-5.2/resolve/main/tokenizer.json (Caused by ConnectTimeoutError(<HTTPSConnection(host='huggingface.co', port=443) at 0x76e9cf16d0>, 'Connection to huggingface.co timed out. (connect timeout=30)')))，回退到 XET 重建模式
tokenizer.json | Xorb: 2/2 ━━━━━━━━━━ 100.0% • 100/100    • 402        • 0:00:00
                                               bytes        bytes/s             
✓ 下载完成: test_output_batch_json/tokenizer.json
  文件大小: 20,217,442 字节

============================================================
📊 汇总: 1/1 成功
